2025-12-12 20:22:32 | INFO     | __main__:main:181 - Starting server on 0.0.0.0:8000
2025-12-12 20:22:32 | INFO     | src.main:lifespan:91 - Starting Kharazmichi Bot...
2025-12-12 20:22:32 | INFO     | src.main:lifespan:92 - Bot name: khuChi
2025-12-12 20:22:32 | INFO     | src.main:lifespan:93 - Rate limit: 20 messages/day
2025-12-12 20:22:32 | INFO     | src.main:lifespan:94 - Memory size: 5 messages
2025-12-12 20:22:36 | INFO     | src.main:create_bot_application:82 - Bot application created successfully
2025-12-12 20:22:36 | INFO     | src.main:lifespan:110 - Running in POLLING mode
2025-12-12 20:22:36 | INFO     | src.main:lifespan:115 - Bot started successfully! ✅
2025-12-12 20:22:50 | INFO     | src.bot.handlers:handle_text_message:46 - Text message from 1840355796: سلام خوشگله...
2025-12-12 20:22:58 | DEBUG    | src.services.knowledge_base:search:58 - Found 0 relevant documents for query: سلام خوشگله...
2025-12-12 20:23:00 | INFO     | src.bot.handlers:handle_text_message:46 - Text message from 1840355796: وااای...
2025-12-12 20:23:02 | DEBUG    | src.services.knowledge_base:search:58 - Found 0 relevant documents for query: وااای...
2025-12-12 20:23:09 | INFO     | src.bot.handlers:handle_text_message:46 - Text message from 1840355796: فنی مهندسی...
2025-12-12 20:23:11 | DEBUG    | src.services.knowledge_base:search:58 - Found 0 relevant documents for query: فنی مهندسی...
2025-12-12 20:25:56 | INFO     | src.main:lifespan:120 - Shutting down bot...
2025-12-12 20:25:56 | INFO     | src.main:lifespan:127 - Bot shutdown complete
2025-12-12 20:27:19 | INFO     | __main__:main:181 - Starting server on 0.0.0.0:8000
2025-12-12 20:27:19 | INFO     | src.main:lifespan:91 - Starting Kharazmichi Bot...
2025-12-12 20:27:19 | INFO     | src.main:lifespan:92 - Bot name: khuChi
2025-12-12 20:27:19 | INFO     | src.main:lifespan:93 - Rate limit: 20 messages/day
2025-12-12 20:27:19 | INFO     | src.main:lifespan:94 - Memory size: 5 messages
2025-12-12 20:27:23 | INFO     | src.main:create_bot_application:82 - Bot application created successfully
2025-12-12 20:27:23 | INFO     | src.main:lifespan:110 - Running in POLLING mode
2025-12-12 20:27:23 | INFO     | src.main:lifespan:115 - Bot started successfully! ✅
2025-12-12 20:27:41 | INFO     | src.bot.handlers:handle_text_message:46 - Text message from 1840355796: سلام...
2025-12-12 20:27:48 | DEBUG    | src.services.knowledge_base:search:58 - Found 0 relevant documents for query: سلام...
2025-12-12 20:28:10 | INFO     | src.bot.handlers:handle_text_message:46 - Text message from 1840355796: میشه بگی دانشکده فنی مهندسی کجاست؟
لوکیشنشم بفرستی...
2025-12-12 20:28:13 | DEBUG    | src.services.knowledge_base:search:58 - Found 0 relevant documents for query: میشه بگی دانشکده فنی مهندسی کجاست؟
لوکیشنشم بفرستی...
2025-12-12 20:28:30 | INFO     | src.bot.handlers:handle_text_message:46 - Text message from 1840355796: لوکیشن چی...
2025-12-12 20:28:33 | DEBUG    | src.services.knowledge_base:search:58 - Found 0 relevant documents for query: لوکیشن چی...
2025-12-12 20:51:46 | INFO     | __main__:main:181 - Starting server on 0.0.0.0:8000
2025-12-12 20:51:46 | INFO     | src.main:lifespan:91 - Starting Kharazmichi Bot...
2025-12-12 20:51:46 | INFO     | src.main:lifespan:92 - Bot name: khuChi
2025-12-12 20:51:46 | INFO     | src.main:lifespan:93 - Rate limit: 20 messages/day
2025-12-12 20:51:46 | INFO     | src.main:lifespan:94 - Memory size: 5 messages
2025-12-12 20:51:50 | INFO     | src.main:create_bot_application:82 - Bot application created successfully
2025-12-12 20:51:50 | INFO     | src.main:lifespan:110 - Running in POLLING mode
2025-12-12 20:51:50 | INFO     | src.main:lifespan:115 - Bot started successfully! ✅
2025-12-12 20:52:39 | INFO     | src.bot.handlers:handle_text_message:46 - Text message from 1840355796: سلام...
2025-12-12 20:53:06 | INFO     | src.bot.handlers:handle_text_message:46 - Text message from 1840355796: من دانشجوی بین الملی ام توی خوارزمی 
و میخوام برم ...
2025-12-12 20:53:10 | DEBUG    | src.services.knowledge_base:search:58 - Found 5 relevant documents for query: دانشکده فنی...
2025-12-12 20:53:12 | INFO     | src.bot.handlers:_process_message:177 - Sent location to user 1840355796: {'latitude': 35.85638043334454, 'longitude': 50.91884369789292}
2025-12-12 20:53:23 | INFO     | src.bot.handlers:handle_text_message:46 - Text message from 1840355796: خوبه 
مرسی
مدیرگروه کامپیوترش کیه؟...
2025-12-12 20:53:27 | DEBUG    | src.services.knowledge_base:search:58 - Found 5 relevant documents for query: مدیر گروه کامپیوتر...
2025-12-12 20:54:20 | INFO     | src.bot.handlers:handle_text_message:46 - Text message from 1840355796: فرصت های شغلی مهندسی نرم افزار رو میشه بهم بگی...
